#
# There is insufficient memory for the Java Runtime Environment to continue.
# Native memory allocation (malloc) failed to allocate 456896 bytes for Chunk::new
# Possible reasons:
#   The system is out of physical RAM or swap space
#   In 32 bit mode, the process size limit was hit
# Possible solutions:
#   Reduce memory load on the system
#   Increase physical memory or swap space
#   Check if swap backing store is full
#   Use 64 bit Java on a 64 bit OS
#   Decrease Java heap size (-Xmx/-Xms)
#   Decrease number of Java threads
#   Decrease Java thread stack sizes (-Xss)
#   Set larger code cache with -XX:ReservedCodeCacheSize=
# This output file may be truncated or incomplete.
#
#  Out of Memory Error (allocation.cpp:390), pid=6064, tid=0x0000000000001e78
#
# JRE version: Java(TM) SE Runtime Environment (8.0_144-b01) (build 1.8.0_144-b01)
# Java VM: Java HotSpot(TM) 64-Bit Server VM (25.144-b01 mixed mode windows-amd64 compressed oops)
# Failed to write core dump. Minidumps are not enabled by default on client versions of Windows
#

---------------  T H R E A D  ---------------

Current thread (0x0000000061be5000):  JavaThread "C2 CompilerThread1" daemon [_thread_in_native, id=7800, stack(0x000000008c000000,0x0000000090000000)]

Stack: [0x000000008c000000,0x0000000090000000]
[error occurred during error reporting (printing stack bounds), id 0xc0000005]

Native frames: (J=compiled Java code, j=interpreted, Vv=VM code, C=native code)


Current CompileTask:
C2:145785441 10087   !   4       com.mathworks.common.icons.IconEnumerationUtils::getIconFromCache (191 bytes)


---------------  P R O C E S S  ---------------

Java Threads: ( => current thread )
  0x0000000076540800 JavaThread "Startup Class Loader-SharedResourceRunner" daemon [_thread_blocked, id=1716, stack(0x0000000180050000,0x0000000184050000)]
  0x00000000c2ac3800 JavaThread "DirtyPrefsExecutorThread" daemon [_thread_blocked, id=2880, stack(0x00000001d0050000,0x00000001d4050000)]
  0x00000000c2ac3000 JavaThread "Prefs Updater" daemon [_thread_blocked, id=10988, stack(0x00000001c0050000,0x00000001c4050000)]
  0x000000007c609800 JavaThread "pool-6-thread-1" [_thread_blocked, id=8284, stack(0x000000018c050000,0x0000000190050000)]
  0x000000007c608000 JavaThread "MultiThreadedHttpConnectionManager cleanup" daemon [_thread_blocked, id=10168, stack(0x0000000184050000,0x0000000188050000)]
  0x00000000dc4bf800 JavaThread "Toolbox Management" daemon [_thread_blocked, id=2900, stack(0x00000001b4050000,0x00000001b8050000)]
  0x000000007c607000 JavaThread "ZIPs in Add-Ons" daemon [_thread_blocked, id=5404, stack(0x0000000178030000,0x000000017c030000)]
  0x00000000dc4be800 JavaThread "Source Control Thread" daemon [_thread_blocked, id=9280, stack(0x00000001b0050000,0x00000001b4050000)]
  0x00000000dc4be000 JavaThread "Apps in Add-Ons" daemon [_thread_blocked, id=8972, stack(0x00000001ac050000,0x00000001b0050000)]
  0x000000007652c800 JavaThread "com.mathworks.addons_common.notificationframework.InstalledAddOnsCache" daemon [_thread_blocked, id=3404, stack(0x0000000198050000,0x000000019c050000)]
  0x000000007652b800 JavaThread "Thread-8" daemon [_thread_blocked, id=10864, stack(0x0000000194050000,0x0000000198050000)]
  0x000000007c608800 JavaThread "Swing-Shell" daemon [_thread_blocked, id=4416, stack(0x0000000188050000,0x000000018c050000)]
  0x000000007c606800 JavaThread "Code Analyzer updating thread" daemon [_thread_blocked, id=9944, stack(0x0000000174030000,0x0000000178030000)]
  0x000000007c605800 JavaThread "Code Analyzer updating thread" daemon [_thread_blocked, id=7492, stack(0x0000000170030000,0x0000000174030000)]
  0x000000007c605000 JavaThread "Code Analyzer updating thread" daemon [_thread_blocked, id=10728, stack(0x000000016c030000,0x0000000170030000)]
  0x000000007c604000 JavaThread "Code Analyzer updating thread" daemon [_thread_blocked, id=6088, stack(0x0000000168030000,0x000000016c030000)]
  0x000000007c603800 JavaThread "Code Analyzer updating thread" daemon [_thread_blocked, id=3636, stack(0x0000000164030000,0x0000000168030000)]
  0x000000007c028000 JavaThread "Code Analyzer updating thread" daemon [_thread_blocked, id=1300, stack(0x0000000160030000,0x0000000164030000)]
  0x000000007c027000 JavaThread "Code Analyzer updating thread" daemon [_thread_blocked, id=7888, stack(0x000000015c030000,0x0000000160030000)]
  0x000000007c026800 JavaThread "Code Analyzer updating thread" daemon [_thread_blocked, id=10260, stack(0x0000000158030000,0x000000015c030000)]
  0x000000007c025800 JavaThread "Code Analyzer updating thread" daemon [_thread_blocked, id=9640, stack(0x0000000154030000,0x0000000158030000)]
  0x000000007c025000 JavaThread "Active Reference Queue Daemon" daemon [_thread_blocked, id=7692, stack(0x0000000150030000,0x0000000154030000)]
  0x000000007c024000 JavaThread "Timer-0" daemon [_thread_blocked, id=9708, stack(0x000000014c030000,0x0000000150030000)]
  0x000000007c023800 JavaThread "History Command Saver" daemon [_thread_blocked, id=1904, stack(0x0000000148030000,0x000000014c030000)]
  0x000000007c022800 JavaThread "ClipboardMonitor Timer" daemon [_thread_blocked, id=1080, stack(0x0000000144030000,0x0000000148030000)]
  0x000000007c021800 JavaThread "CFB Source Control Executor" daemon [_thread_blocked, id=10020, stack(0x0000000140030000,0x0000000144030000)]
  0x0000000076542000 JavaThread "Explorer NavigationContext request queue" daemon [_thread_blocked, id=5684, stack(0x00000001300c0000,0x00000001340c0000)]
  0x000000007653f800 JavaThread "AddressBar directory emptiness poller" daemon [_thread_blocked, id=1384, stack(0x00000000f2660000,0x00000000f6660000)]
  0x000000007653f000 JavaThread "Explorer Refresh Service 624023100" daemon [_thread_blocked, id=10640, stack(0x00000000ee660000,0x00000000f2660000)]
  0x000000007653d800 JavaThread "TimerQueue" daemon [_thread_blocked, id=9664, stack(0x00000000d79d0000,0x00000000db9d0000)]
  0x000000007653c800 JavaThread "Thread-3" daemon [_thread_blocked, id=8928, stack(0x00000000c8000000,0x00000000cc000000)]
  0x000000007653c000 JavaThread "AWT-EventQueue-0" [_thread_blocked, id=10860, stack(0x00000000c4000000,0x00000000c8000000)]
  0x000000007649d000 JavaThread "AWT-Windows" daemon [_thread_in_native, id=8148, stack(0x00000000b0000000,0x00000000b4000000)]
  0x00000000764e1800 JavaThread "AWT-Shutdown" [_thread_blocked, id=8884, stack(0x00000000ac000000,0x00000000b0000000)]
  0x00000000764c0000 JavaThread "Java2D Disposer" daemon [_thread_blocked, id=10380, stack(0x00000000a8000000,0x00000000ac000000)]
  0x0000000075f10000 JavaThread "Settings Releaser" daemon [_thread_blocked, id=11232, stack(0x00000000a4000000,0x00000000a8000000)]
  0x00000000764e3000 JavaThread "EventMgr Dispatcher" daemon [_thread_in_native, id=10080, stack(0x00000000a0000000,0x00000000a4000000)]
  0x0000000061dd2800 JavaThread "MatlabKeepAlive Timer" daemon [_thread_blocked, id=10840, stack(0x000000009c000000,0x00000000a0000000)]
  0x0000000061c5c000 JavaThread "Service Thread" daemon [_thread_blocked, id=7532, stack(0x0000000094000000,0x0000000098000000)]
  0x0000000061be8000 JavaThread "C1 CompilerThread2" daemon [_thread_blocked, id=11204, stack(0x0000000090000000,0x0000000094000000)]
=>0x0000000061be5000 JavaThread "C2 CompilerThread1" daemon [_thread_in_native, id=7800, stack(0x000000008c000000,0x0000000090000000)]
  0x0000000061be1000 JavaThread "C2 CompilerThread0" daemon [_thread_blocked, id=10184, stack(0x0000000088000000,0x000000008c000000)]
  0x0000000061be0800 JavaThread "Attach Listener" daemon [_thread_blocked, id=10880, stack(0x0000000084000000,0x0000000088000000)]
  0x000000004ff73000 JavaThread "Finalizer" daemon [_thread_blocked, id=7000, stack(0x0000000080000000,0x0000000084000000)]
  0x000000004ff2c000 JavaThread "Reference Handler" daemon [_thread_blocked, id=10736, stack(0x0000000078000000,0x000000007c000000)]
  0x000000001e36f800 JavaThread "main" [_thread_in_native, id=10516, stack(0x0000000000030000,0x0000000004030000)]

Other Threads:
  0x000000004ff24800 VMThread [stack: 0x00000000703b0000,0x00000000743b0000] [id=2944]
  0x0000000061c66800 WatcherThread [stack: 0x0000000098000000,0x000000009c000000] [id=7660]

VM state:not at safepoint (normal execution)

VM Mutex/Monitor currently owned by a thread: None

Heap:
 PSYoungGen      total 21504K, used 1863K [0x00000007b4000000, 0x00000007b5600000, 0x00000007c0000000)
  eden space 20992K, 8% used [0x00000007b4000000,0x00000007b41a9ce8,0x00000007b5480000)
  from space 512K, 31% used [0x00000007b5500000,0x00000007b5528000,0x00000007b5580000)
  to   space 512K, 0% used [0x00000007b5580000,0x00000007b5580000,0x00000007b5600000)
 ParOldGen       total 89600K, used 72819K [0x0000000790000000, 0x0000000795780000, 0x00000007b4000000)
  object space 89600K, 81% used [0x0000000790000000,0x000000079471ccf0,0x0000000795780000)
 Metaspace       used 80626K, capacity 81250K, committed 82048K, reserved 1120256K
  class space    used 11898K, capacity 12068K, committed 12160K, reserved 1048576K

Card table byte_map: [0x000000004b150000,0x000000004b2e0000] byte_map_base: 0x00000000474d0000

Marking Bits: (ParMarkBitMap*) 0x000000007032d850
 Begin Bits: [0x000000005f820000, 0x0000000060420000)
 End Bits:   [0x0000000060420000, 0x0000000061020000)

Polling page: 0x000000001f0c0000

CodeCache: size=245760Kb used=26093Kb max_used=26106Kb free=219666Kb
 bounds [0x0000000050820000, 0x00000000521f0000, 0x000000005f820000]
 total_blobs=9236 nmethods=8147 adapters=997
 compilation: enabled

Compilation events (10 events):
Event: 119328.038 Thread 0x0000000061be1000 nmethod 10083 0x00000000513bc7d0 code [0x00000000513bc920, 0x00000000513bcaf8]
Event: 119328.040 Thread 0x0000000061be8000 10084   !   3       java.awt.EventQueue::removeSourceEvents (294 bytes)
Event: 119328.042 Thread 0x0000000061be8000 nmethod 10084 0x000000005120e910 code [0x000000005120ec00, 0x00000000512107a8]
Event: 131923.837 Thread 0x0000000061be5000 10085 % !   4       java.util.concurrent.ThreadPoolExecutor::runWorker @ 21 (225 bytes)
Event: 131924.109 Thread 0x0000000061be5000 nmethod 10085% 0x000000005126b850 code [0x000000005126bb40, 0x000000005126cd80]
Event: 142612.359 Thread 0x0000000061be1000 10086   !   4       java.util.concurrent.ThreadPoolExecutor::runWorker (225 bytes)
Event: 142612.386 Thread 0x0000000061be1000 nmethod 10086 0x0000000051f65d10 code [0x0000000051f66000, 0x0000000051f67170]
Event: 145774.664 Thread 0x0000000061be5000 10087   !   4       com.mathworks.common.icons.IconEnumerationUtils::getIconFromCache (191 bytes)
Event: 145774.674 Thread 0x0000000061be1000 10088   !   4       com.google.common.collect.MapMakerInternalMap$Segment::get (71 bytes)
Event: 145774.717 Thread 0x0000000061be1000 nmethod 10088 0x0000000050c00ed0 code [0x0000000050c01080, 0x0000000050c016d8]

GC Heap History (10 events):
Event: 145589.045 GC heap before
{Heap before GC invocations=3048 (full 3):
 PSYoungGen      total 21504K, used 21248K [0x00000007b4000000, 0x00000007b5600000, 0x00000007c0000000)
  eden space 20992K, 100% used [0x00000007b4000000,0x00000007b5480000,0x00000007b5480000)
  from space 512K, 50% used [0x00000007b5580000,0x00000007b55c0000,0x00000007b5600000)
  to   space 512K, 0% used [0x00000007b5500000,0x00000007b5500000,0x00000007b5580000)
 ParOldGen       total 89600K, used 72819K [0x0000000790000000, 0x0000000795780000, 0x00000007b4000000)
  object space 89600K, 81% used [0x0000000790000000,0x000000079471ccf0,0x0000000795780000)
 Metaspace       used 80626K, capacity 81250K, committed 82048K, reserved 1120256K
  class space    used 11898K, capacity 12068K, committed 12160K, reserved 1048576K
Event: 145589.047 GC heap after
Heap after GC invocations=3048 (full 3):
 PSYoungGen      total 21504K, used 256K [0x00000007b4000000, 0x00000007b5600000, 0x00000007c0000000)
  eden space 20992K, 0% used [0x00000007b4000000,0x00000007b4000000,0x00000007b5480000)
  from space 512K, 50% used [0x00000007b5500000,0x00000007b5540000,0x00000007b5580000)
  to   space 512K, 0% used [0x00000007b5580000,0x00000007b5580000,0x00000007b5600000)
 ParOldGen       total 89600K, used 72819K [0x0000000790000000, 0x0000000795780000, 0x00000007b4000000)
  object space 89600K, 81% used [0x0000000790000000,0x000000079471ccf0,0x0000000795780000)
 Metaspace       used 80626K, capacity 81250K, committed 82048K, reserved 1120256K
  class space    used 11898K, capacity 12068K, committed 12160K, reserved 1048576K
}
Event: 145637.055 GC heap before
{Heap before GC invocations=3049 (full 3):
 PSYoungGen      total 21504K, used 21248K [0x00000007b4000000, 0x00000007b5600000, 0x00000007c0000000)
  eden space 20992K, 100% used [0x00000007b4000000,0x00000007b5480000,0x00000007b5480000)
  from space 512K, 50% used [0x00000007b5500000,0x00000007b5540000,0x00000007b5580000)
  to   space 512K, 0% used [0x00000007b5580000,0x00000007b5580000,0x00000007b5600000)
 ParOldGen       total 89600K, used 72819K [0x0000000790000000, 0x0000000795780000, 0x00000007b4000000)
  object space 89600K, 81% used [0x0000000790000000,0x000000079471ccf0,0x0000000795780000)
 Metaspace       used 80626K, capacity 81250K, committed 82048K, reserved 1120256K
  class space    used 11898K, capacity 12068K, committed 12160K, reserved 1048576K
Event: 145637.057 GC heap after
Heap after GC invocations=3049 (full 3):
 PSYoungGen      total 21504K, used 128K [0x00000007b4000000, 0x00000007b5600000, 0x00000007c0000000)
  eden space 20992K, 0% used [0x00000007b4000000,0x00000007b4000000,0x00000007b5480000)
  from space 512K, 25% used [0x00000007b5580000,0x00000007b55a0000,0x00000007b5600000)
  to   space 512K, 0% used [0x00000007b5500000,0x00000007b5500000,0x00000007b5580000)
 ParOldGen       total 89600K, used 72819K [0x0000000790000000, 0x0000000795780000, 0x00000007b4000000)
  object space 89600K, 81% used [0x0000000790000000,0x000000079471ccf0,0x0000000795780000)
 Metaspace       used 80626K, capacity 81250K, committed 82048K, reserved 1120256K
  class space    used 11898K, capacity 12068K, committed 12160K, reserved 1048576K
}
Event: 145682.066 GC heap before
{Heap before GC invocations=3050 (full 3):
 PSYoungGen      total 21504K, used 21120K [0x00000007b4000000, 0x00000007b5600000, 0x00000007c0000000)
  eden space 20992K, 100% used [0x00000007b4000000,0x00000007b5480000,0x00000007b5480000)
  from space 512K, 25% used [0x00000007b5580000,0x00000007b55a0000,0x00000007b5600000)
  to   space 512K, 0% used [0x00000007b5500000,0x00000007b5500000,0x00000007b5580000)
 ParOldGen       total 89600K, used 72819K [0x0000000790000000, 0x0000000795780000, 0x00000007b4000000)
  object space 89600K, 81% used [0x0000000790000000,0x000000079471ccf0,0x0000000795780000)
 Metaspace       used 80626K, capacity 81250K, committed 82048K, reserved 1120256K
  class space    used 11898K, capacity 12068K, committed 12160K, reserved 1048576K
Event: 145682.070 GC heap after
Heap after GC invocations=3050 (full 3):
 PSYoungGen      total 21504K, used 128K [0x00000007b4000000, 0x00000007b5600000, 0x00000007c0000000)
  eden space 20992K, 0% used [0x00000007b4000000,0x00000007b4000000,0x00000007b5480000)
  from space 512K, 25% used [0x00000007b5500000,0x00000007b5520000,0x00000007b5580000)
  to   space 512K, 0% used [0x00000007b5580000,0x00000007b5580000,0x00000007b5600000)
 ParOldGen       total 89600K, used 72819K [0x0000000790000000, 0x0000000795780000, 0x00000007b4000000)
  object space 89600K, 81% used [0x0000000790000000,0x000000079471ccf0,0x0000000795780000)
 Metaspace       used 80626K, capacity 81250K, committed 82048K, reserved 1120256K
  class space    used 11898K, capacity 12068K, committed 12160K, reserved 1048576K
}
Event: 145727.075 GC heap before
{Heap before GC invocations=3051 (full 3):
 PSYoungGen      total 21504K, used 21120K [0x00000007b4000000, 0x00000007b5600000, 0x00000007c0000000)
  eden space 20992K, 100% used [0x00000007b4000000,0x00000007b5480000,0x00000007b5480000)
  from space 512K, 25% used [0x00000007b5500000,0x00000007b5520000,0x00000007b5580000)
  to   space 512K, 0% used [0x00000007b5580000,0x00000007b5580000,0x00000007b5600000)
 ParOldGen       total 89600K, used 72819K [0x0000000790000000, 0x0000000795780000, 0x00000007b4000000)
  object space 89600K, 81% used [0x0000000790000000,0x000000079471ccf0,0x0000000795780000)
 Metaspace       used 80626K, capacity 81250K, committed 82048K, reserved 1120256K
  class space    used 11898K, capacity 12068K, committed 12160K, reserved 1048576K
Event: 145727.077 GC heap after
Heap after GC invocations=3051 (full 3):
 PSYoungGen      total 21504K, used 192K [0x00000007b4000000, 0x00000007b5600000, 0x00000007c0000000)
  eden space 20992K, 0% used [0x00000007b4000000,0x00000007b4000000,0x00000007b5480000)
  from space 512K, 37% used [0x00000007b5580000,0x00000007b55b0000,0x00000007b5600000)
  to   space 512K, 0% used [0x00000007b5500000,0x00000007b5500000,0x00000007b5580000)
 ParOldGen       total 89600K, used 72819K [0x0000000790000000, 0x0000000795780000, 0x00000007b4000000)
  object space 89600K, 81% used [0x0000000790000000,0x000000079471ccf0,0x0000000795780000)
 Metaspace       used 80626K, capacity 81250K, committed 82048K, reserved 1120256K
  class space    used 11898K, capacity 12068K, committed 12160K, reserved 1048576K
}
Event: 145772.085 GC heap before
{Heap before GC invocations=3052 (full 3):
 PSYoungGen      total 21504K, used 21184K [0x00000007b4000000, 0x00000007b5600000, 0x00000007c0000000)
  eden space 20992K, 100% used [0x00000007b4000000,0x00000007b5480000,0x00000007b5480000)
  from space 512K, 37% used [0x00000007b5580000,0x00000007b55b0000,0x00000007b5600000)
  to   space 512K, 0% used [0x00000007b5500000,0x00000007b5500000,0x00000007b5580000)
 ParOldGen       total 89600K, used 72819K [0x0000000790000000, 0x0000000795780000, 0x00000007b4000000)
  object space 89600K, 81% used [0x0000000790000000,0x000000079471ccf0,0x0000000795780000)
 Metaspace       used 80626K, capacity 81250K, committed 82048K, reserved 1120256K
  class space    used 11898K, capacity 12068K, committed 12160K, reserved 1048576K
Event: 145772.092 GC heap after
Heap after GC invocations=3052 (full 3):
 PSYoungGen      total 21504K, used 160K [0x00000007b4000000, 0x00000007b5600000, 0x00000007c0000000)
  eden space 20992K, 0% used [0x00000007b4000000,0x00000007b4000000,0x00000007b5480000)
  from space 512K, 31% used [0x00000007b5500000,0x00000007b5528000,0x00000007b5580000)
  to   space 512K, 0% used [0x00000007b5580000,0x00000007b5580000,0x00000007b5600000)
 ParOldGen       total 89600K, used 72819K [0x0000000790000000, 0x0000000795780000, 0x00000007b4000000)
  object space 89600K, 81% used [0x0000000790000000,0x000000079471ccf0,0x0000000795780000)
 Metaspace       used 80626K, capacity 81250K, committed 82048K, reserved 1120256K
  class space    used 11898K, capacity 12068K, committed 12160K, reserved 1048576K
}

Deoptimization events (10 events):
Event: 119319.388 Thread 0x000000007653c000 Uncommon trap: reason=bimorphic action=maybe_recompile pc=0x000000005108d2a4 method=java.util.regex.Matcher.getTextLength()I @ 4
Event: 119319.388 Thread 0x000000007653c000 Uncommon trap: reason=bimorphic action=maybe_recompile pc=0x0000000051a1da34 method=java.util.regex.Matcher.getTextLength()I @ 4
Event: 119319.389 Thread 0x000000007653c000 Uncommon trap: reason=bimorphic action=maybe_recompile pc=0x000000005108d2a4 method=java.util.regex.Matcher.getTextLength()I @ 4
Event: 119319.389 Thread 0x000000007653c000 Uncommon trap: reason=bimorphic action=maybe_recompile pc=0x000000005108d2a4 method=java.util.regex.Matcher.getTextLength()I @ 4
Event: 119319.389 Thread 0x000000007653c000 Uncommon trap: reason=bimorphic action=maybe_recompile pc=0x0000000051a1da34 method=java.util.regex.Matcher.getTextLength()I @ 4
Event: 119319.389 Thread 0x000000007653c000 Uncommon trap: reason=bimorphic action=maybe_recompile pc=0x00000000512b02ec method=java.util.regex.Pattern$BmpCharProperty.match(Ljava/util/regex/Matcher;ILjava/lang/CharSequence;)Z @ 11
Event: 119319.389 Thread 0x000000007653c000 Uncommon trap: reason=bimorphic action=maybe_recompile pc=0x00000000512b02ec method=java.util.regex.Pattern$BmpCharProperty.match(Ljava/util/regex/Matcher;ILjava/lang/CharSequence;)Z @ 11
Event: 119319.389 Thread 0x000000007653c000 Uncommon trap: reason=bimorphic action=maybe_recompile pc=0x00000000512b02ec method=java.util.regex.Pattern$BmpCharProperty.match(Ljava/util/regex/Matcher;ILjava/lang/CharSequence;)Z @ 11
Event: 119319.389 Thread 0x000000007653c000 Uncommon trap: reason=bimorphic action=maybe_recompile pc=0x00000000512b02ec method=java.util.regex.Pattern$BmpCharProperty.match(Ljava/util/regex/Matcher;ILjava/lang/CharSequence;)Z @ 11
Event: 119324.202 Thread 0x00000000c2ac7800 Uncommon trap: reason=null_check action=make_not_entrant pc=0x0000000051e347c0 method=com.mathworks.mlwidgets.explorer.model.editorfs.EditorFileSystem.isDirty(Lcom/mathworks/matlab/api/explorer/FileLocation;)Z @ 27

Internal exceptions (10 events):
Event: 22.542 Thread 0x000000007653c000 Exception <a 'java/lang/RuntimeException': Message Key Tool_dendrogram_Keywords was not found in the catalog stats:desktop> (0x00000007bba495d0) thrown at [C:\re\workspace\8-2-build-windows-amd64-cygwin\jdk8u144\9417\hotspot\src\share\vm\prims\jni.cpp, li
Event: 22.542 Thread 0x000000007653c000 Exception <a 'java/lang/RuntimeException': Message Key Tool_residproblm_Keywords was not found in the catalog stats:desktop> (0x00000007bba4a720) thrown at [C:\re\workspace\8-2-build-windows-amd64-cygwin\jdk8u144\9417\hotspot\src\share\vm\prims\jni.cpp, l
Event: 22.542 Thread 0x000000007653c000 Exception <a 'java/lang/RuntimeException': Message Key Tool_residhistlm_Keywords was not found in the catalog stats:desktop> (0x00000007bba4b878) thrown at [C:\re\workspace\8-2-build-windows-amd64-cygwin\jdk8u144\9417\hotspot\src\share\vm\prims\jni.cpp, l
Event: 22.543 Thread 0x000000007653c000 Exception <a 'java/lang/RuntimeException': Message Key Tool_residfittedlm_Keywords was not found in the catalog stats:desktop> (0x00000007bba4c9d8) thrown at [C:\re\workspace\8-2-build-windows-amd64-cygwin\jdk8u144\9417\hotspot\src\share\vm\prims\jni.cpp,
Event: 22.543 Thread 0x000000007653c000 Exception <a 'java/lang/RuntimeException': Message Key Tool_slicelm_Keywords was not found in the catalog stats:desktop> (0x00000007bba4db18) thrown at [C:\re\workspace\8-2-build-windows-amd64-cygwin\jdk8u144\9417\hotspot\src\share\vm\prims\jni.cpp, line 
Event: 22.543 Thread 0x000000007653c000 Exception <a 'java/lang/RuntimeException': Message Key Tool_effects_Keywords was not found in the catalog stats:desktop> (0x00000007bba4ec48) thrown at [C:\re\workspace\8-2-build-windows-amd64-cygwin\jdk8u144\9417\hotspot\src\share\vm\prims\jni.cpp, line 
Event: 22.643 Thread 0x00000000c2ac2000 Implicit null exception at 0x00000000516635a6 to 0x0000000051663f8d
Event: 22.854 Thread 0x00000000c2ac2000 Implicit null exception at 0x0000000050a289c3 to 0x0000000050a28d5d
Event: 23.780 Thread 0x00000000c2ac2000 Exception <a 'java/lang/InterruptedException'> (0x00000007b46bef18) thrown at [C:\re\workspace\8-2-build-windows-amd64-cygwin\jdk8u144\9417\hotspot\src\share\vm\runtime\objectMonitor.cpp, line 1684]
Event: 77474.901 Thread 0x0000000076542000 Implicit null exception at 0x0000000051f669ac to 0x0000000051f6973d

Events (10 events):
Event: 145589.045 Executing VM operation: ParallelGCFailedAllocation
Event: 145589.048 Executing VM operation: ParallelGCFailedAllocation done
Event: 145637.055 Executing VM operation: ParallelGCFailedAllocation
Event: 145637.057 Executing VM operation: ParallelGCFailedAllocation done
Event: 145682.066 Executing VM operation: ParallelGCFailedAllocation
Event: 145682.070 Executing VM operation: ParallelGCFailedAllocation done
Event: 145727.075 Executing VM operation: ParallelGCFailedAllocation
Event: 145727.077 Executing VM operation: ParallelGCFailedAllocation done
Event: 145772.085 Executing VM operation: ParallelGCFailedAllocation
Event: 145772.092 Executing VM operation: ParallelGCFailedAllocation done


Dynamic libraries:
0x0000000140000000 - 0x000000014002d000 	C:\Program Files\MATLAB\R2018a\bin\win64\MATLAB.exe
0x0000000077430000 - 0x00000000775cf000 	C:\Windows\SYSTEM32\ntdll.dll
0x0000000077310000 - 0x000000007742f000 	C:\Windows\system32\kernel32.dll
0x000007fefcfe0000 - 0x000007fefd04a000 	C:\Windows\system32\KERNELBASE.dll
0x00000000fa830000 - 0x00000000fac16000 	C:\Program Files\MATLAB\R2018a\bin\win64\mvm.dll
0x00000000fff00000 - 0x00000001000b8000 	C:\Program Files\MATLAB\R2018a\bin\win64\libmwi18n.dll
0x00000000ffef0000 - 0x00000000ffefb000 	C:\Program Files\MATLAB\R2018a\bin\win64\libmwresource_core.dll
0x000007fee1210000 - 0x000007fee12ad000 	C:\Program Files\MATLAB\R2018a\bin\win64\MSVCP140.dll
0x000007fee8cb0000 - 0x000007fee8cc7000 	C:\Program Files\MATLAB\R2018a\bin\win64\VCRUNTIME140.dll
0x000007fefb050000 - 0x000007fefb054000 	C:\Program Files\MATLAB\R2018a\bin\win64\api-ms-win-crt-runtime-l1-1-0.dll
0x000007fed0c30000 - 0x000007fed0d25000 	C:\Program Files\MATLAB\R2018a\bin\win64\ucrtbase.DLL
0x000007fef1bb0000 - 0x000007fef1bb3000 	C:\Program Files\MATLAB\R2018a\bin\win64\api-ms-win-core-timezone-l1-1-0.dll
0x000007fef1b80000 - 0x000007fef1b83000 	C:\Program Files\MATLAB\R2018a\bin\win64\api-ms-win-core-file-l2-1-0.dll
0x000007fee92c0000 - 0x000007fee92c3000 	C:\Program Files\MATLAB\R2018a\bin\win64\api-ms-win-core-localization-l1-2-0.dll
0x000007fee8c20000 - 0x000007fee8c23000 	C:\Program Files\MATLAB\R2018a\bin\win64\api-ms-win-core-synch-l1-2-0.dll
0x000007fee8970000 - 0x000007fee8973000 	C:\Program Files\MATLAB\R2018a\bin\win64\api-ms-win-core-processthreads-l1-1-1.dll
0x000007fee7850000 - 0x000007fee7853000 	C:\Program Files\MATLAB\R2018a\bin\win64\api-ms-win-core-file-l1-2-0.dll
0x000007fee7840000 - 0x000007fee7844000 	C:\Program Files\MATLAB\R2018a\bin\win64\api-ms-win-crt-string-l1-1-0.dll
0x000007fee7830000 - 0x000007fee7833000 	C:\Program Files\MATLAB\R2018a\bin\win64\api-ms-win-crt-heap-l1-1-0.dll
0x000007fee67d0000 - 0x000007fee67d4000 	C:\Program Files\MATLAB\R2018a\bin\win64\api-ms-win-crt-stdio-l1-1-0.dll
0x000007fee67c0000 - 0x000007fee67c4000 	C:\Program Files\MATLAB\R2018a\bin\win64\api-ms-win-crt-convert-l1-1-0.dll
0x000007fee67b0000 - 0x000007fee67b3000 	C:\Program Files\MATLAB\R2018a\bin\win64\api-ms-win-crt-locale-l1-1-0.dll
0x000007fee67a0000 - 0x000007fee67a5000 	C:\Program Files\MATLAB\R2018a\bin\win64\api-ms-win-crt-math-l1-1-0.dll
0x000007fee47c0000 - 0x000007fee47c5000 	C:\Program Files\MATLAB\R2018a\bin\win64\api-ms-win-crt-multibyte-l1-1-0.dll
0x000007fee4720000 - 0x000007fee4723000 	C:\Program Files\MATLAB\R2018a\bin\win64\api-ms-win-crt-time-l1-1-0.dll
0x000007fee4710000 - 0x000007fee4713000 	C:\Program Files\MATLAB\R2018a\bin\win64\api-ms-win-crt-filesystem-l1-1-0.dll
0x000007fee29e0000 - 0x000007fee29e3000 	C:\Program Files\MATLAB\R2018a\bin\win64\api-ms-win-crt-environment-l1-1-0.dll
0x000007fee2780000 - 0x000007fee2783000 	C:\Program Files\MATLAB\R2018a\bin\win64\api-ms-win-crt-utility-l1-1-0.dll
0x000007fee2760000 - 0x000007fee2775000 	C:\Program Files\MATLAB\R2018a\bin\win64\mwboost_date_time-vc140-mt-1_56.dll
0x000007fee2730000 - 0x000007fee2758000 	C:\Program Files\MATLAB\R2018a\bin\win64\mwboost_filesystem-vc140-mt-1_56.dll
0x000007fee2720000 - 0x000007fee272c000 	C:\Program Files\MATLAB\R2018a\bin\win64\mwboost_system-vc140-mt-1_56.dll
0x000007feff0a0000 - 0x000007feff17b000 	C:\Windows\system32\ADVAPI32.dll
0x000007fefea70000 - 0x000007fefeb0f000 	C:\Windows\system32\msvcrt.dll
0x000007feff030000 - 0x000007feff04f000 	C:\Windows\SYSTEM32\sechost.dll
0x000007feff370000 - 0x000007feff49d000 	C:\Windows\system32\RPCRT4.dll
0x000007fee11e0000 - 0x000007fee1204000 	C:\Program Files\MATLAB\R2018a\bin\win64\mwboost_thread-vc140-mt-1_56.dll
0x000007fee2710000 - 0x000007fee271e000 	C:\Program Files\MATLAB\R2018a\bin\win64\mwboost_chrono-vc140-mt-1_56.dll
0x000007fee11c0000 - 0x000007fee11d7000 	C:\Program Files\MATLAB\R2018a\bin\win64\libmwcpp11compat.dll
0x000007fee1190000 - 0x000007fee11b9000 	C:\Program Files\MATLAB\R2018a\bin\win64\LIBEXPAT.dll
0x0000000050300000 - 0x0000000050502000 	C:\Program Files\MATLAB\R2018a\bin\win64\icuin59.dll
0x0000000077e80000 - 0x0000000077ff5000 	C:\Program Files\MATLAB\R2018a\bin\win64\icuuc59.dll
0x000000000f030000 - 0x0000000010943000 	C:\Program Files\MATLAB\R2018a\bin\win64\icudt59.dll
0x00000000fdd10000 - 0x00000000fe009000 	C:\Program Files\MATLAB\R2018a\bin\win64\libmwms.dll
0x00000000fe7f0000 - 0x00000000fea45000 	C:\Program Files\MATLAB\R2018a\bin\win64\libmwfl.dll
0x000007fefa580000 - 0x000007fefa6a5000 	C:\Windows\system32\dbghelp.dll
0x00000000775e0000 - 0x00000000775e7000 	C:\Windows\system32\PSAPI.DLL
0x000007fed0b80000 - 0x000007fed0c29000 	C:\Program Files\MATLAB\R2018a\bin\win64\mwboost_log-vc140-mt-1_56.dll
0x000007feff050000 - 0x000007feff09d000 	C:\Windows\system32\WS2_32.dll
0x000007feff020000 - 0x000007feff028000 	C:\Windows\system32\NSI.dll
0x000007fed0a60000 - 0x000007fed0b76000 	C:\Program Files\MATLAB\R2018a\bin\win64\mwboost_regex-vc140-mt-1_56.dll
0x0000000077210000 - 0x000000007730a000 	C:\Windows\system32\USER32.dll
0x000007fefef50000 - 0x000007fefefb7000 	C:\Windows\system32\GDI32.dll
0x000007fefe990000 - 0x000007fefe99e000 	C:\Windows\system32\LPK.dll
0x000007fefe9a0000 - 0x000007fefea6b000 	C:\Windows\system32\USP10.dll
0x000007fee1140000 - 0x000007fee1189000 	C:\Program Files\MATLAB\R2018a\bin\win64\mwboost_serialization-vc140-mt-1_56.dll
0x000007fefb650000 - 0x000007fefb67c000 	C:\Windows\system32\POWRPROF.dll
0x000007feff540000 - 0x000007feff717000 	C:\Windows\system32\SETUPAPI.dll
0x000007fefd2e0000 - 0x000007fefd316000 	C:\Windows\system32\CFGMGR32.dll
0x000007feff180000 - 0x000007feff25a000 	C:\Windows\system32\OLEAUT32.dll
0x000007fefd340000 - 0x000007fefd53f000 	C:\Windows\system32\ole32.dll
0x000007fefd320000 - 0x000007fefd33a000 	C:\Windows\system32\DEVOBJ.dll
0x0000000180000000 - 0x0000000180041000 	C:\Program Files\MATLAB\R2018a\bin\win64\libmwfoundation_usm.dll
0x000007fed0950000 - 0x000007fed0994000 	C:\Program Files\MATLAB\R2018a\bin\win64\tbb.dll
0x00000000042d0000 - 0x0000000004447000 	C:\Program Files\MATLAB\R2018a\bin\win64\libmwmst.dll
0x000007fee1120000 - 0x000007fee113c000 	C:\Program Files\MATLAB\R2018a\bin\win64\mwboost_iostreams-vc140-mt-1_56.dll
0x0000000050800000 - 0x000000005081b000 	C:\Program Files\MATLAB\R2018a\bin\win64\zlib1.dll
0x000007fefc740000 - 0x000007fefc795000 	C:\Windows\system32\MSWSOCK.dll
0x0000000004450000 - 0x000000000453d000 	C:\Program Files\MATLAB\R2018a\bin\win64\libut.dll
0x00000000502e0000 - 0x00000000502f2000 	C:\Program Files\MATLAB\R2018a\bin\win64\icuio59.dll
0x0000000004540000 - 0x00000000046be000 	C:\Program Files\MATLAB\R2018a\bin\win64\libmx.dll
0x000007fed0900000 - 0x000007fed0944000 	C:\Program Files\MATLAB\R2018a\bin\win64\tbbmalloc.dll
0x00000000046c0000 - 0x0000000004deb000 	C:\Program Files\MATLAB\R2018a\bin\win64\mlutil.dll
0x0000000004df0000 - 0x0000000004e3d000 	C:\Program Files\MATLAB\R2018a\bin\win64\libmwcppmicroservices.dll
0x0000000004e40000 - 0x0000000004fae000 	C:\Program Files\MATLAB\R2018a\bin\win64\CppMicroServices3.dll
0x000007fefeb10000 - 0x000007fefeb81000 	C:\Windows\system32\SHLWAPI.dll
0x0000000004fb0000 - 0x00000000050da000 	C:\Program Files\MATLAB\R2018a\bin\win64\libmwfoundation_extdata_array.dll
0x00000000041a0000 - 0x00000000041bc000 	C:\Program Files\MATLAB\R2018a\bin\win64\libmwstartupplugin.dll
0x00000000050e0000 - 0x000000000515d000 	C:\Program Files\MATLAB\R2018a\bin\win64\libmwstartup_plugin_initializer.dll
0x0000000005160000 - 0x0000000005199000 	C:\Program Files\MATLAB\R2018a\bin\win64\libmwgraphics_state.dll
0x00000000051a0000 - 0x00000000051c0000 	C:\Program Files\MATLAB\R2018a\bin\win64\display_device.dll
0x00000000051c0000 - 0x0000000005592000 	C:\Program Files\MATLAB\R2018a\bin\win64\libmwservices.dll
0x00000000055a0000 - 0x00000000055f1000 	C:\Program Files\MATLAB\R2018a\bin\win64\libmwlivecode.dll
0x00000000fd2c0000 - 0x00000000fd32e000 	C:\Program Files\MATLAB\R2018a\bin\win64\opccore.dll
0x0000000005600000 - 0x000000000578d000 	C:\Program Files\MATLAB\R2018a\bin\win64\opcmodel.dll
0x0000000005790000 - 0x00000000059bc000 	C:\Program Files\MATLAB\R2018a\bin\win64\libmwflnetwork.dll
0x00000000059c0000 - 0x00000000059f6000 	C:\Program Files\MATLAB\R2018a\bin\win64\libmwflcrypto.dll
0x0000000005a00000 - 0x0000000005a1a000 	C:\Program Files\MATLAB\R2018a\bin\win64\libmwflcryptoutils.dll
0x0000000005a20000 - 0x0000000005bb7000 	C:\Program Files\MATLAB\R2018a\bin\win64\libmwflcryptocryptopp.dll
0x000007fefc930000 - 0x000007fefc952000 	C:\Windows\system32\bcrypt.dll
0x0000000012000000 - 0x0000000012270000 	C:\Program Files\MATLAB\R2018a\bin\win64\xerces-c_3_1.dll
0x00000000fd1b0000 - 0x00000000fd1e0000 	C:\Program Files\MATLAB\R2018a\bin\win64\opczippackage.dll
0x00000000502c0000 - 0x00000000502d2000 	C:\Program Files\MATLAB\R2018a\bin\win64\libminizip.dll
0x00000000fd130000 - 0x00000000fd1a2000 	C:\Program Files\MATLAB\R2018a\bin\win64\opcmwservices.dll
0x00000000fe090000 - 0x00000000fe0e8000 	C:\Program Files\MATLAB\R2018a\bin\win64\libmwregexp.dll
0x0000000005bc0000 - 0x0000000005c74000 	C:\Program Files\MATLAB\R2018a\bin\win64\mpath.dll
0x0000000005c80000 - 0x0000000005ddc000 	C:\Program Files\MATLAB\R2018a\bin\win64\libmwflstoragevfs.dll
0x0000000005de0000 - 0x0000000005ee0000 	C:\Program Files\MATLAB\R2018a\bin\win64\libmwflstorageprovider.dll
0x0000000005ee0000 - 0x0000000005f03000 	C:\Program Files\MATLAB\R2018a\bin\win64\libmwflstorageevents.dll
0x0000000005f10000 - 0x0000000005f20000 	C:\Program Files\MATLAB\R2018a\bin\win64\libmwmatlabstoragesystem.dll
0x0000000005f20000 - 0x0000000005f9e000 	C:\Program Files\MATLAB\R2018a\bin\win64\libmwstoragefilefolderobserver.dll
0x0000000005fa0000 - 0x0000000005ff3000 	C:\Program Files\MATLAB\R2018a\bin\win64\libmwstorageshlibstoragesys.dll
0x0000000006000000 - 0x0000000006026000 	C:\Program Files\MATLAB\R2018a\bin\win64\libmwstoragesharedlib.dll
0x0000000006030000 - 0x0000000006081000 	C:\Program Files\MATLAB\R2018a\bin\win64\libmwcwf_interface.dll
0x0000000006090000 - 0x00000000060c3000 	C:\Program Files\MATLAB\R2018a\bin\win64\libmwsearch_path_utilities.dll
0x00000000060d0000 - 0x00000000060e6000 	C:\Program Files\MATLAB\R2018a\bin\win64\libmwsearch_path_interfaces.dll
0x00000000060f0000 - 0x000000000651c000 	C:\Program Files\MATLAB\R2018a\bin\win64\settingscore.dll
0x00000000fd590000 - 0x00000000fd610000 	C:\Program Files\MATLAB\R2018a\bin\win64\xmlcore.dll
0x0000000006520000 - 0x0000000006553000 	C:\Program Files\MATLAB\R2018a\bin\win64\libmwnativedialogs.dll
0x000007fefdc00000 - 0x000007fefe98a000 	C:\Windows\system32\SHELL32.dll
0x0000000006570000 - 0x0000000006578000 	C:\Program Files\MATLAB\R2018a\bin\win64\libmwnativedisplay.dll
0x000007fefee60000 - 0x000007fefee8e000 	C:\Windows\system32\IMM32.DLL
0x000007feff260000 - 0x000007feff369000 	C:\Windows\system32\MSCTF.dll
0x0000000006710000 - 0x0000000006733000 	C:\Program Files\MATLAB\R2018a\bin\win64\matlab_startup_plugins\eventmgrsvc\mweventmgrsrc_global.dll
0x0000000006740000 - 0x0000000006758000 	C:\Program Files\MATLAB\R2018a\bin\win64\matlab_startup_plugins\connector\openssl_initializer\libmwconnectoropensslinitializer.dll
0x000007fed0810000 - 0x000007fed08f6000 	C:\Program Files\MATLAB\R2018a\bin\win64\PocoNet64.dll
0x000007fef9b60000 - 0x000007fef9b87000 	C:\Windows\system32\IPHLPAPI.DLL
0x000007fef9b30000 - 0x000007fef9b3b000 	C:\Windows\system32\WINNSI.DLL
0x000007fed0690000 - 0x000007fed080f000 	C:\Program Files\MATLAB\R2018a\bin\win64\PocoFoundation64.dll
0x000007fed0650000 - 0x000007fed068f000 	C:\Program Files\MATLAB\R2018a\bin\win64\PocoNetSSL64.dll
0x000007fecd640000 - 0x000007fecd7e0000 	C:\Program Files\MATLAB\R2018a\bin\win64\LIBEAY32.dll
0x000007fee24d0000 - 0x000007fee24d3000 	C:\Program Files\MATLAB\R2018a\bin\win64\api-ms-win-crt-conio-l1-1-0.dll
0x000007fed05f0000 - 0x000007fed064b000 	C:\Program Files\MATLAB\R2018a\bin\win64\SSLEAY32.dll
0x000007fee1090000 - 0x000007fee10b0000 	C:\Program Files\MATLAB\R2018a\bin\win64\PocoCrypto64.dll
0x000007fecd5d0000 - 0x000007fecd63d000 	C:\Program Files\MATLAB\R2018a\bin\win64\PocoUtil64.dll
0x000007fecd540000 - 0x000007fecd5c7000 	C:\Program Files\MATLAB\R2018a\bin\win64\PocoXML64.dll
0x000007fecd4f0000 - 0x000007fecd534000 	C:\Program Files\MATLAB\R2018a\bin\win64\PocoJSON64.dll
0x000007fefc990000 - 0x000007fefc9a8000 	C:\Windows\system32\CRYPTSP.dll
0x000007fefc480000 - 0x000007fefc4c7000 	C:\Windows\system32\rsaenh.dll

VM Arguments:
jvm_args: -Xms64m -XX:NewRatio=3 -Xmx768m -XX:MaxDirectMemorySize=2147400000 -Dsun.java2d.noddraw=true -Dsun.awt.nopixfmt=true -Xshare:off -Xrs -Djava.library.path=C:\Program Files\MATLAB\R2018a\bin\win64;C:\Program Files\MATLAB\R2018a\sys\jxbrowser\win64\lib vfprintf -XX:ErrorFile=C:\Users\adamsonn\AppData\Local\Temp\hs_error_pid6064.log abort -Duser.language=en -Duser.country=US -Dfile.encoding=Cp1252 
java_command: <unknown>
java_class_path (initial): C:\Program Files\MATLAB\R2018a\java\patch;C:\Program Files\MATLAB\R2018a\java\jar\jmi.jar;C:\Program Files\MATLAB\R2018a\java\jar\util.jar;C:\Program Files\MATLAB\R2018a\java\jar\mvm.jar;C:\Program Files\MATLAB\R2018a\java\jar\services.jar;C:\Program Files\MATLAB\R2018a\java\jarext\felix.jar;C:\Program Files\MATLAB\R2018a\java\jarext\commons-lang.jar;C:\Program Files\MATLAB\R2018a\java\jar\cfbutils.jar;C:\Program Files\MATLAB\R2018a\java\jarext\commons-io.jar;C:\Program Files\MATLAB\R2018a\java\jar\mlwidgets.jar;C:\Program Files\MATLAB\R2018a\java\jar\html.jar;C:\Program Files\MATLAB\R2018a\java\jar\net.jar;C:\Program Files\MATLAB\R2018a\java\jarext\log4j.jar;C:\Program Files\MATLAB\R2018a\java\jar\mwswing.jar;C:\Program Files\MATLAB\R2018a\java\jar\common.jar;C:\Program Files\MATLAB\R2018a\java\jarext\google-collect.jar;C:\Program Files\MATLAB\R2018a\java\jarext\jide\jide-common.jar;C:\Program Files\MATLAB\R2018a\java\jarext\jide\jide-dock.jar;C:\Program Files\MATLAB\R2018a\java\jarext\jide\jide-action.jar;C:\Program Files\MATLAB\R2018a\java\jarext\jide\jide-components.jar;C:\Program Files\MATLAB\R2018a\java\jarext\jide\jide-grids.jar;C:\Program Files\MATLAB\R2018a\java\jarext\jide\jide-dialogs.jar;C:\Program Files\MATLAB\R2018a\java\jarext\jide\jide-shortcut.jar;C:\Program Files\MATLAB\R2018a\java\jarext\jide\jide-charts.jar;C:\Program Files\MATLAB\R2018a\java\jar\toolstrip.jar;C:\Program Files\MATLAB\R2018a\java\jar\mlservices.jar;C:\Program Files\MATLAB\R2018a\java\jar\widgets.jar;C:\Program Files\MATLAB\R2018a\java\jar\mde.jar;C:\Program Files\MATLAB\R2018a\java\jar\addon_service_management_api.jar;C:\Program Files\MATLAB\R2018a\java\jar\appmanagement.jar;C:\Program Files\MATLAB\R2018a\java\jar\explorer.jar;C:\Program Files\MATLAB\R2018a\java\jar\project\impl.jar;C:\Program Files\MATLAB\R2018a\java\jar\matlab.jar;C:\Program Files\MATLAB\R2018a\java\jar\toolbox\symbolic.jar;C:\Program Files\MATLAB\R2018a\java\jar\explorer_api.jar;C:\
Launcher Type: generic

Environment Variables:
PATH=C:\ProgramData\Oracle\Java\javapath;C:\Program Files (x86)\Intel\iCLS Client\;C:\Program Files\Intel\iCLS Client\;C:\Program Files (x86)\NVIDIA Corporation\PhysX\Common;C:\Windows\system32;C:\Windows;C:\Windows\System32\Wbem;C:\Windows\System32\WindowsPowerShell\v1.0\;C:\Program Files (x86)\Skype\Phone\;C:\Program Files\MATLAB\R2018a\bin;C:\Program Files\MATLAB\R2016a\runtime\win64;C:\Program Files\MATLAB\R2016a\bin;C:\Program Files\Microsoft SQL Server\Client SDK\ODBC\110\Tools\Binn\;C:\Program Files (x86)\Microsoft SQL Server\120\Tools\Binn\;C:\Program Files\Microsoft SQL Server\120\Tools\Binn\;C:\Program Files\Microsoft SQL Server\120\DTS\Binn\;C:\Program Files (x86)\Windows Kits\8.1\Windows Performance Toolkit\;C:\Program Files (x86)\Intel\UCRT\;C:\Program Files\Intel\UCRT\;C:\Program Files (x86)\Intel\Intel(R) Management Engine Components\DAL;C:\Program Files\Intel\Intel(R) Management Engine Components\DAL;C:\Program Files (x86)\Intel\Intel(R) Management Engine Components\IPT;C:\Program Files\Intel\Intel(R) Management Engine Components\IPT;C:\Python27;C:\Program Files (x86)\Calibre2\;C:\Users\adamsonn\AppData\Local\Programs\Python\Python35\Scripts\;C:\Users\adamsonn\AppData\Local\Programs\Python\Python35\;C:\Users\adamsonn\AppData\Local\Programs\Python\Launcher\;C:\Users\adamsonn\AppData\Local\GitHubDesktop\bin
USERNAME=adamsonn
OS=Windows_NT
PROCESSOR_IDENTIFIER=Intel64 Family 6 Model 94 Stepping 3, GenuineIntel



---------------  S Y S T E M  ---------------

OS: Windows 7 , 64 bit Build 7601 (6.1.7601.24291)

CPU:total 4 (initial active 4) (4 cores per cpu, 1 threads per core) family 6 model 94 stepping 3, cmov, cx8, fxsr, mmx, sse, sse2, sse3, ssse3, sse4.1, sse4.2, popcnt, avx, avx2, aes, clmul, erms, rtm, 3dnowpref, lzcnt, tsc, tscinvbit, bmi1, bmi2, adx

Memory: 4k page, physical 8317156k(402524k free), swap 25046196k(0k free)

vm_info: Java HotSpot(TM) 64-Bit Server VM (25.144-b01) for windows-amd64 JRE (1.8.0_144-b01), built on Jul 21 2017 21:57:33 by "java_re" with MS VC++ 10.0 (VS2010)

time: Fri Nov 16 07:01:17 2018
elapsed time: 145774 seconds (1d 16h 29m 34s)

